<?xml version="1.0" encoding="UTF-8"?>
<!-- Generated by org.testng.reporters.JUnitReportReporter -->
<testsuite skipped="0" hostname="dell333" name="nimitacademy.FirstTest" tests="2" failures="0" timestamp="15 Aug 2018 22:04:12 GMT" time="0.050" errors="0">
  <testcase name="first" time="0.046" classname="nimitacademy.FirstTest"/>
  <testcase name="seocnd" time="0.004" classname="nimitacademy.FirstTest"/>
</testsuite> <!-- nimitacademy.FirstTest -->
