<?xml version="1.0" encoding="UTF-8"?>
<!-- Generated by org.testng.reporters.JUnitReportReporter -->
<testsuite skipped="0" hostname="dell333" name="nimitacademy.SecondTest" tests="2" failures="0" timestamp="15 Aug 2018 22:04:12 GMT" time="0.004" errors="0">
  <testcase name="fourth" time="0.002" classname="nimitacademy.SecondTest"/>
  <testcase name="third" time="0.002" classname="nimitacademy.SecondTest"/>
</testsuite> <!-- nimitacademy.SecondTest -->
