<?xml version="1.0" encoding="UTF-8"?>
<!-- Generated by org.testng.reporters.JUnitReportReporter -->
<testsuite skipped="0" hostname="dell333" name="nimitacademy.Ma" tests="4" failures="0" timestamp="03 Sep 2018 02:22:25 GMT" time="0.014" errors="0">
  <testcase name="first" time="0.006" classname="nimitacademy.Ma"/>
  <testcase name="second" time="0.000" classname="nimitacademy.Ma"/>
  <testcase name="third" time="0.000" classname="nimitacademy.Ma"/>
  <testcase name="fourth" time="0.008" classname="nimitacademy.Ma"/>
</testsuite> <!-- nimitacademy.Ma -->
