<?xml version="1.0" encoding="UTF-8"?>
<!-- Generated by org.testng.reporters.JUnitReportReporter -->
<testsuite hostname="dell333" name="nimitacademy.SecondTest" tests="2" failures="0" timestamp="3 Sep 2018 02:54:00 GMT" time="0.012" errors="0">
  <testcase name="third" time="0.000" classname="nimitacademy.SecondTest"/>
  <testcase name="fourth" time="0.012" classname="nimitacademy.SecondTest"/>
</testsuite> <!-- nimitacademy.SecondTest -->
