<?xml version="1.0" encoding="UTF-8"?>
<!-- Generated by org.testng.reporters.JUnitReportReporter -->
<testsuite hostname="dell333" name="nimitacademy.FirstTest" tests="2" failures="0" timestamp="3 Sep 2018 02:53:09 GMT" time="0.013" errors="0">
  <testcase name="first" time="0.012" classname="nimitacademy.FirstTest"/>
  <testcase name="seocnd" time="0.001" classname="nimitacademy.FirstTest"/>
</testsuite> <!-- nimitacademy.FirstTest -->
